<?xml version="1.0" encoding="UTF-8"?>
<testng-results ignored="0" total="1" passed="1" failed="0" skipped="0">
  <reporter-output>
  </reporter-output>
  <suite started-at="2022-05-25T22:33:51 IST" name="Default suite" finished-at="2022-05-25T22:33:58 IST" duration-ms="6743">
    <groups>
    </groups>
    <test started-at="2022-05-25T22:33:51 IST" name="Default test" finished-at="2022-05-25T22:33:58 IST" duration-ms="6743">
      <class name="test.GoogleTest">
        <test-method is-config="true" signature="beforeClass()[pri:0, instance:test.GoogleTest@6fd83fc1]" started-at="2022-05-25T22:33:51 IST" name="beforeClass" finished-at="2022-05-25T22:33:58 IST" duration-ms="6703" status="PASS">
          <reporter-output>
          </reporter-output>
        </test-method> <!-- beforeClass -->
        <test-method signature="checkURL()[pri:0, instance:test.GoogleTest@6fd83fc1]" started-at="2022-05-25T22:33:58 IST" name="checkURL" finished-at="2022-05-25T22:33:58 IST" duration-ms="0" status="PASS">
          <reporter-output>
          </reporter-output>
        </test-method> <!-- checkURL -->
      </class> <!-- test.GoogleTest -->
    </test> <!-- Default test -->
  </suite> <!-- Default suite -->
</testng-results>
